<?xml version="1.0" encoding="UTF-8"?>
<!-- Generated by org.testng.reporters.JUnitReportReporter -->
<testsuite skipped="0" hostname="EPMXGUAW0049" name="FacebookTesting.FbTesting.FacebookLoginFunctionality" tests="1" failures="0" timestamp="07 Nov 2017 03:10:40 GMT" time="7.930" errors="0">
  <testcase name="logIn" time="7.930" classname="FacebookTesting.FbTesting.FacebookLoginFunctionality"/>
</testsuite> <!-- FacebookTesting.FbTesting.FacebookLoginFunctionality -->
