<?xml version="1.0" encoding="UTF-8"?>
<!-- Generated by org.testng.reporters.JUnitReportReporter -->
<testsuite skipped="0" hostname="EPMXGUAW0049" name="FacebookTesting.FbTesting.FacebookLogInUnsuccessfully" tests="1" failures="0" timestamp="07 Nov 2017 05:08:35 GMT" time="5.355" errors="0">
  <testcase name="logInUnsuccess" time="5.355" classname="FacebookTesting.FbTesting.FacebookLogInUnsuccessfully"/>
</testsuite> <!-- FacebookTesting.FbTesting.FacebookLogInUnsuccessfully -->
