<?xml version="1.0" encoding="UTF-8"?>
<!-- Generated by org.testng.reporters.JUnitReportReporter -->
<testsuite skipped="0" hostname="EPMXGUAW0049" name="tests.FacebookLogInUnsuccessfully" tests="1" failures="0" timestamp="07 Nov 2017 19:07:00 GMT" time="2.823" errors="0">
  <testcase name="logInUnsuccess" time="2.823" classname="tests.FacebookLogInUnsuccessfully"/>
</testsuite> <!-- tests.FacebookLogInUnsuccessfully -->
